Removing scripts/checkout_fix.py
Removing scripts/config.pyc
Switched to branch 'traccar-traccar-212058933-212061222'
Your branch is up-to-date with 'origin/traccar-traccar-212058933-212061222'.
Note: checking out '7a1217f185c25d190507edf23f64fcb67c5b61e7'.

You are in 'detached HEAD' state. You can look around, make experimental
changes and commit them, and you can discard any commits you make in this
state without impacting any branches by performing another checkout.

If you want to create a new branch to retain commits you create, you may
do so (now or later) by using -b with the checkout command again. Example:

  git checkout -b <new-branch-name>

HEAD is now at 7a1217f... Changes in the tests This commit is based on the source code from the following commit: http://github.com/traccar/traccar/commit/c53feac38ec149fed84121704c620503bf1f7820 The mentioned commit triggered the following Travis build: http://travis-ci.org/traccar/traccar/builds/212061222.
Previous HEAD position was 7a1217f... Changes in the tests This commit is based on the source code from the following commit: http://github.com/traccar/traccar/commit/c53feac38ec149fed84121704c620503bf1f7820 The mentioned commit triggered the following Travis build: http://travis-ci.org/traccar/traccar/builds/212061222.
Switched to branch 'master'
Your branch is up-to-date with 'origin/master'.
Checking out the bug Bears-104...
Checking out the branch traccar-traccar-212058933-212061222...
The bug Bears-104 was checked out.
Removing scripts/checkout_fix.py
Removing scripts/config.pyc
Switched to branch 'traccar-traccar-212058933-212061222'
Your branch is up-to-date with 'origin/traccar-traccar-212058933-212061222'.
Note: checking out '07e6c1666f73f8cf8a2fc1c23e4723d3e4965847'.

You are in 'detached HEAD' state. You can look around, make experimental
changes and commit them, and you can discard any commits you make in this
state without impacting any branches by performing another checkout.

If you want to create a new branch to retain commits you create, you may
do so (now or later) by using -b with the checkout command again. Example:

  git checkout -b <new-branch-name>

HEAD is now at 07e6c16... End of the bug and patch reproduction process
Previous HEAD position was 07e6c16... End of the bug and patch reproduction process
Switched to branch 'master'
Your branch is up-to-date with 'origin/master'.
Checking out the bug Bears-104...
Checking out the branch traccar-traccar-212058933-212061222...
The bug Bears-104 was checked out.
Switched to branch 'traccar-traccar-212058933-212061222'
Note: checking out '7a1217f185c25d190507edf23f64fcb67c5b61e7'.

You are in 'detached HEAD' state. You can look around, make experimental
changes and commit them, and you can discard any commits you make in this
state without impacting any branches by performing another checkout.

If you want to create a new branch to retain commits you create, you may
do so (now or later) by using -b with the checkout command again. Example:

  git checkout -b <new-branch-name>

HEAD is now at 7a1217f... Changes in the tests This commit is based on the source code from the following commit: http://github.com/traccar/traccar/commit/c53feac38ec149fed84121704c620503bf1f7820 The mentioned commit triggered the following Travis build: http://travis-ci.org/traccar/traccar/builds/212061222.
Previous HEAD position was 7a1217f... Changes in the tests This commit is based on the source code from the following commit: http://github.com/traccar/traccar/commit/c53feac38ec149fed84121704c620503bf1f7820 The mentioned commit triggered the following Travis build: http://travis-ci.org/traccar/traccar/builds/212061222.
Switched to branch 'master'
