Generating com.zaxxer.hikari.pool.HikariProxyConnection
Generating com.zaxxer.hikari.pool.HikariProxyStatement
Generating com.zaxxer.hikari.pool.HikariProxyResultSet
Generating com.zaxxer.hikari.pool.HikariProxyPreparedStatement
Generating com.zaxxer.hikari.pool.HikariProxyCallableStatement
Generating method bodies for com.zaxxer.hikari.proxy.ProxyFactory
Compiling the bug Bears-201...
The bug Bears-201 was compiled.
/home/zhenyud/MultiEdit_Experiments/DependencyAnalyzer/jar/DependencyAnalyzer.jar
Soot started on Fri Feb 21 16:32:19 EST 2020
Transforming com.zaxxer.hikari.pool.PoolBase... 
[Thread-26] ERROR heros.solver.CountingThreadPoolExecutor - Worker thread execution failed: PDG construction: A and B are not supposed to be the same node!
java.lang.RuntimeException: PDG construction: A and B are not supposed to be the same node!
	at soot.toolkits.graph.pdg.HashMutablePDG.constructPDG(HashMutablePDG.java:218)
	at soot.toolkits.graph.pdg.HashMutablePDG.<init>(HashMutablePDG.java:114)
	at io.github.squareslab.analysis.ControlDependencyAnalysis.internalTransform(ControlDependencyAnalysis.java:35)
	at soot.BodyTransformer.transform(BodyTransformer.java:54)
	at soot.Transform.apply(Transform.java:105)
	at soot.BodyPack.internalApply(BodyPack.java:49)
	at soot.Pack.apply(Pack.java:125)
	at soot.PackManager.runBodyPacks(PackManager.java:991)
	at soot.PackManager.access$000(PackManager.java:138)
	at soot.PackManager$1.run(PackManager.java:633)
	at java.util.concurrent.ThreadPoolExecutor.runWorker(ThreadPoolExecutor.java:1149)
	at java.util.concurrent.ThreadPoolExecutor$Worker.run(ThreadPoolExecutor.java:624)
	at java.lang.Thread.run(Thread.java:748)
Exception in thread "Thread-26" java.lang.RuntimeException: PDG construction: A and B are not supposed to be the same node!
	at soot.toolkits.graph.pdg.HashMutablePDG.constructPDG(HashMutablePDG.java:218)
	at soot.toolkits.graph.pdg.HashMutablePDG.<init>(HashMutablePDG.java:114)
	at io.github.squareslab.analysis.ControlDependencyAnalysis.internalTransform(ControlDependencyAnalysis.java:35)
	at soot.BodyTransformer.transform(BodyTransformer.java:54)
	at soot.Transform.apply(Transform.java:105)
	at soot.BodyPack.internalApply(BodyPack.java:49)
	at soot.Pack.apply(Pack.java:125)
	at soot.PackManager.runBodyPacks(PackManager.java:991)
	at soot.PackManager.access$000(PackManager.java:138)
	at soot.PackManager$1.run(PackManager.java:633)
	at java.util.concurrent.ThreadPoolExecutor.runWorker(ThreadPoolExecutor.java:1149)
	at java.util.concurrent.ThreadPoolExecutor$Worker.run(ThreadPoolExecutor.java:624)
	at java.lang.Thread.run(Thread.java:748)
java.lang.RuntimeException: PDG construction: A and B are not supposed to be the same node!
	at soot.toolkits.graph.pdg.HashMutablePDG.constructPDG(HashMutablePDG.java:218)
	at soot.toolkits.graph.pdg.HashMutablePDG.<init>(HashMutablePDG.java:114)
	at io.github.squareslab.analysis.ControlDependencyAnalysis.internalTransform(ControlDependencyAnalysis.java:35)
	at soot.BodyTransformer.transform(BodyTransformer.java:54)
	at soot.Transform.apply(Transform.java:105)
	at soot.BodyPack.internalApply(BodyPack.java:49)
	at soot.Pack.apply(Pack.java:125)
	at soot.PackManager.runBodyPacks(PackManager.java:991)
	at soot.PackManager.access$000(PackManager.java:138)
	at soot.PackManager$1.run(PackManager.java:633)
	at java.util.concurrent.ThreadPoolExecutor.runWorker(ThreadPoolExecutor.java:1149)
	at java.util.concurrent.ThreadPoolExecutor$Worker.run(ThreadPoolExecutor.java:624)
	at java.lang.Thread.run(Thread.java:748)


Ouuups... something went wrong! Sorry about that.
Follow these steps to fix the problem:
1.) Are you sure you used the right command line?
    Click here to double-check:
    https://ssebuild.cased.de/nightly/soot/doc/soot_options.htm

2.) Not sure whether it's a bug? Feel free to discuss
    the issue on the Soot mailing list:
    https://github.com/Sable/soot/wiki/Getting-help

3.) Sure it's a bug? Click this link to report it.
    https://github.com/Sable/soot/issues/new?title=java.lang.RuntimeException+when+...&body=Steps+to+reproduce%3A%0A1.%29+...%0A%0AFiles+used+to+reproduce%3A+%0A...%0A%0ASoot+version%3A+%3Cpre%3Etrunk%3C%2Fpre%3E%0A%0ACommand+line%3A%0A%3Cpre%3E-cp+%2Fhome%2Fzhenyud%2FMultiEdit_Experiments%2FDependencyAnalyzer%2Fjar%2FDependencyAnalyzer.jar%3A%3A%2Fhome%2Fzhenyud%2FMultiEdit_Experiments%2Fdata%2Fdependency-experiments%2Fbears%2FFixed%2FBears-201%2Ftarget%2F%2Fdependency%2Fsimpleclient-0.0.26.jar%3A%2Fhome%2Fzhenyud%2FMultiEdit_Experiments%2Fdata%2Fdependency-experiments%2Fbears%2FFixed%2FBears-201%2Ftarget%2F%2Fdependency%2Fhibernate-commons-annotations-5.0.1.Final.jar%3A%2Fhome%2Fzhenyud%2FMultiEdit_Experiments%2Fdata%2Fdependency-experiments%2Fbears%2FFixed%2FBears-201%2Ftarget%2F%2Fdependency%2Fpax-url-link-2.4.5.jar%3A%2Fhome%2Fzhenyud%2FMultiEdit_Experiments%2Fdata%2Fdependency-experiments%2Fbears%2FFixed%2FBears-201%2Ftarget%2F%2Fdependency%2Fjandex-2.0.3.Final.jar%3A%2Fhome%2Fzhenyud%2FMultiEdit_Experiments%2Fdata%2Fdependency-experiments%2Fbears%2FFixed%2FBears-201%2Ftarget%2F%2Fdependency%2Fhibernate-core-5.2.10.Final.jar%3A%2Fhome%2Fzhenyud%2FMultiEdit_Experiments%2Fdata%2Fdependency-experiments%2Fbears%2FFixed%2FBears-201%2Ftarget%2F%2Fdependency%2Fpostgresql-42.1.4.jar%3A%2Fhome%2Fzhenyud%2FMultiEdit_Experiments%2Fdata%2Fdependency-experiments%2Fbears%2FFixed%2FBears-201%2Ftarget%2F%2Fdependency%2Fslf4j-api-1.7.25.jar%3A%2Fhome%2Fzhenyud%2FMultiEdit_Experiments%2Fdata%2Fdependency-experiments%2Fbears%2FFixed%2FBears-201%2Ftarget%2F%2Fdependency%2Fclassmate-1.3.0.jar%3A%2Fhome%2Fzhenyud%2FMultiEdit_Experiments%2Fdata%2Fdependency-experiments%2Fbears%2FFixed%2FBears-201%2Ftarget%2F%2Fdependency%2Fpax-exam-container-native-4.11.0.jar%3A%2Fhome%2Fzhenyud%2FMultiEdit_Experiments%2Fdata%2Fdependency-experiments%2Fbears%2FFixed%2FBears-201%2Ftarget%2F%2Fdependency%2Fpax-swissbox-property-1.8.2.jar%3A%2Fhome%2Fzhenyud%2FMultiEdit_Experiments%2Fdata%2Fdependency-experiments%2Fbears%2FFixed%2FBears-201%2Ftarget%2F%2Fdependency%2Fjunit-4.12.jar%3A%2Fhome%2Fzhenyud%2FMultiEdit_Experiments%2Fdata%2Fdependency-experiments%2Fbears%2FFixed%2FBears-201%2Ftarget%2F%2Fdependency%2Fjboss-transaction-api_1.2_spec-1.0.1.Final.jar%3A%2Fhome%2Fzhenyud%2FMultiEdit_Experiments%2Fdata%2Fdependency-experiments%2Fbears%2FFixed%2FBears-201%2Ftarget%2F%2Fdependency%2Fcommons-csv-1.5.jar%3A%2Fhome%2Fzhenyud%2FMultiEdit_Experiments%2Fdata%2Fdependency-experiments%2Fbears%2FFixed%2FBears-201%2Ftarget%2F%2Fdependency%2Fantlr-2.7.7.jar%3A%2Fhome%2Fzhenyud%2FMultiEdit_Experiments%2Fdata%2Fdependency-experiments%2Fbears%2FFixed%2FBears-201%2Ftarget%2F%2Fdependency%2Fjcl-over-slf4j-1.6.6.jar%3A%2Fhome%2Fzhenyud%2FMultiEdit_Experiments%2Fdata%2Fdependency-experiments%2Fbears%2FFixed%2FBears-201%2Ftarget%2F%2Fdependency%2Fsimple-jndi-0.11.4.1.jar%3A%2Fhome%2Fzhenyud%2FMultiEdit_Experiments%2Fdata%2Fdependency-experiments%2Fbears%2FFixed%2FBears-201%2Ftarget%2F%2Fdependency%2Faether-api-1.0.2.v20150114.jar%3A%2Fhome%2Fzhenyud%2FMultiEdit_Experiments%2Fdata%2Fdependency-experiments%2Fbears%2FFixed%2FBears-201%2Ftarget%2F%2Fdependency%2Fmicrometer-core-1.0.0.jar%3A%2Fhome%2Fzhenyud%2FMultiEdit_Experiments%2Fdata%2Fdependency-experiments%2Fbears%2FFixed%2FBears-201%2Ftarget%2F%2Fdependency%2Forg.apache.felix.framework-5.6.8.jar%3A%2Fhome%2Fzhenyud%2FMultiEdit_Experiments%2Fdata%2Fdependency-experiments%2Fbears%2FFixed%2FBears-201%2Ftarget%2F%2Fdependency%2Faether-impl-1.0.2.v20150114.jar%3A%2Fhome%2Fzhenyud%2FMultiEdit_Experiments%2Fdata%2Fdependency-experiments%2Fbears%2FFixed%2FBears-201%2Ftarget%2F%2Fdependency%2Fpax-swissbox-core-1.8.2.jar%3A%2Fhome%2Fzhenyud%2FMultiEdit_Experiments%2Fdata%2Fdependency-experiments%2Fbears%2FFixed%2FBears-201%2Ftarget%2F%2Fdependency%2Ftinybundles-2.1.1.jar%3A%2Fhome%2Fzhenyud%2FMultiEdit_Experiments%2Fdata%2Fdependency-experiments%2Fbears%2FFixed%2FBears-201%2Ftarget%2F%2Fdependency%2Fpax-url-aether-support-2.5.2.jar%3A%2Fhome%2Fzhenyud%2FMultiEdit_Experiments%2Fdata%2Fdependency-experiments%2Fbears%2FFixed%2FBears-201%2Ftarget%2F%2Fdependency%2Fpax-exam-link-assembly-4.11.0.jar%3A%2Fhome%2Fzhenyud%2FMultiEdit_Experiments%2Fdata%2Fdependency-experiments%2Fbears%2FFixed%2FBears-201%2Ftarget%2F%2Fdependency%2Fpax-url-reference-2.5.2.jar%3A%2Fhome%2Fzhenyud%2FMultiEdit_Experiments%2Fdata%2Fdependency-experiments%2Fbears%2FFixed%2FBears-201%2Ftarget%2F%2Fdependency%2Faether-util-1.0.2.v20150114.jar%3A%2Fhome%2Fzhenyud%2FMultiEdit_Experiments%2Fdata%2Fdependency-experiments%2Fbears%2FFixed%2FBears-201%2Ftarget%2F%2Fdependency%2Flog4j-slf4j-impl-2.9.0.jar%3A%2Fhome%2Fzhenyud%2FMultiEdit_Experiments%2Fdata%2Fdependency-experiments%2Fbears%2FFixed%2FBears-201%2Ftarget%2F%2Fdependency%2Fpax-swissbox-lifecycle-1.8.2.jar%3A%2Fhome%2Fzhenyud%2FMultiEdit_Experiments%2Fdata%2Fdependency-experiments%2Fbears%2FFixed%2FBears-201%2Ftarget%2F%2Fdependency%2Fjavassist-3.22.0-CR1.jar%3A%2Fhome%2Fzhenyud%2FMultiEdit_Experiments%2Fdata%2Fdependency-experiments%2Fbears%2FFixed%2FBears-201%2Ftarget%2F%2Fdependency%2Fpax-exam-4.11.0.jar%3A%2Fhome%2Fzhenyud%2FMultiEdit_Experiments%2Fdata%2Fdependency-experiments%2Fbears%2FFixed%2FBears-201%2Ftarget%2F%2Fdependency%2Fpax-url-commons-2.5.2.jar%3A%2Fhome%2Fzhenyud%2FMultiEdit_Experiments%2Fdata%2Fdependency-experiments%2Fbears%2FFixed%2FBears-201%2Ftarget%2F%2Fdependency%2Fops4j-base-net-1.5.0.jar%3A%2Fhome%2Fzhenyud%2FMultiEdit_Experiments%2Fdata%2Fdependency-experiments%2Fbears%2FFixed%2FBears-201%2Ftarget%2F%2Fdependency%2Fhibernate-jpa-2.1-api-1.0.0.Final.jar%3A%2Fhome%2Fzhenyud%2FMultiEdit_Experiments%2Fdata%2Fdependency-experiments%2Fbears%2FFixed%2FBears-201%2Ftarget%2F%2Fdependency%2Fbndlib-2.4.0.jar%3A%2Fhome%2Fzhenyud%2FMultiEdit_Experiments%2Fdata%2Fdependency-experiments%2Fbears%2FFixed%2FBears-201%2Ftarget%2F%2Fdependency%2Fpax-exam-spi-4.11.0.jar%3A%2Fhome%2Fzhenyud%2FMultiEdit_Experiments%2Fdata%2Fdependency-experiments%2Fbears%2FFixed%2FBears-201%2Ftarget%2F%2Fdependency%2Fops4j-base-monitors-1.5.0.jar%3A%2Fhome%2Fzhenyud%2FMultiEdit_Experiments%2Fdata%2Fdependency-experiments%2Fbears%2FFixed%2FBears-201%2Ftarget%2F%2Fdependency%2Flog4j-core-2.9.0.jar%3A%2Fhome%2Fzhenyud%2FMultiEdit_Experiments%2Fdata%2Fdependency-experiments%2Fbears%2FFixed%2FBears-201%2Ftarget%2F%2Fdependency%2Fpax-swissbox-optional-jcl-1.8.2.jar%3A%2Fhome%2Fzhenyud%2FMultiEdit_Experiments%2Fdata%2Fdependency-experiments%2Fbears%2FFixed%2FBears-201%2Ftarget%2F%2Fdependency%2Faether-spi-1.0.2.v20150114.jar%3A%2Fhome%2Fzhenyud%2FMultiEdit_Experiments%2Fdata%2Fdependency-experiments%2Fbears%2FFixed%2FBears-201%2Ftarget%2F%2Fdependency%2Fdom4j-1.6.1.jar%3A%2Fhome%2Fzhenyud%2FMultiEdit_Experiments%2Fdata%2Fdependency-experiments%2Fbears%2FFixed%2FBears-201%2Ftarget%2F%2Fdependency%2Flog4j-api-2.9.0.jar%3A%2Fhome%2Fzhenyud%2FMultiEdit_Experiments%2Fdata%2Fdependency-experiments%2Fbears%2FFixed%2FBears-201%2Ftarget%2F%2Fdependency%2Fhamcrest-core-1.3.jar%3A%2Fhome%2Fzhenyud%2FMultiEdit_Experiments%2Fdata%2Fdependency-experiments%2Fbears%2FFixed%2FBears-201%2Ftarget%2F%2Fdependency%2Fpax-url-classpath-2.4.5.jar%3A%2Fhome%2Fzhenyud%2FMultiEdit_Experiments%2Fdata%2Fdependency-experiments%2Fbears%2FFixed%2FBears-201%2Ftarget%2F%2Fdependency%2Fops4j-base-io-1.5.0.jar%3A%2Fhome%2Fzhenyud%2FMultiEdit_Experiments%2Fdata%2Fdependency-experiments%2Fbears%2FFixed%2FBears-201%2Ftarget%2F%2Fdependency%2Fops4j-base-spi-1.5.0.jar%3A%2Fhome%2Fzhenyud%2FMultiEdit_Experiments%2Fdata%2Fdependency-experiments%2Fbears%2FFixed%2FBears-201%2Ftarget%2F%2Fdependency%2Fbyte-buddy-agent-1.7.4.jar%3A%2Fhome%2Fzhenyud%2FMultiEdit_Experiments%2Fdata%2Fdependency-experiments%2Fbears%2FFixed%2FBears-201%2Ftarget%2F%2Fdependency%2Fmockito-core-2.10.0.jar%3A%2Fhome%2Fzhenyud%2FMultiEdit_Experiments%2Fdata%2Fdependency-experiments%2Fbears%2FFixed%2FBears-201%2Ftarget%2F%2Fdependency%2Fpax-exam-link-mvn-4.11.0.jar%3A%2Fhome%2Fzhenyud%2FMultiEdit_Experiments%2Fdata%2Fdependency-experiments%2Fbears%2FFixed%2FBears-201%2Ftarget%2F%2Fdependency%2Fjavax.inject-1.jar%3A%2Fhome%2Fzhenyud%2FMultiEdit_Experiments%2Fdata%2Fdependency-experiments%2Fbears%2FFixed%2FBears-201%2Ftarget%2F%2Fdependency%2Fops4j-base-store-1.5.0.jar%3A%2Fhome%2Fzhenyud%2FMultiEdit_Experiments%2Fdata%2Fdependency-experiments%2Fbears%2FFixed%2FBears-201%2Ftarget%2F%2Fdependency%2FHdrHistogram-2.1.10.jar%3A%2Fhome%2Fzhenyud%2FMultiEdit_Experiments%2Fdata%2Fdependency-experiments%2Fbears%2FFixed%2FBears-201%2Ftarget%2F%2Fdependency%2Fbyte-buddy-1.7.4.jar%3A%2Fhome%2Fzhenyud%2FMultiEdit_Experiments%2Fdata%2Fdependency-experiments%2Fbears%2FFixed%2FBears-201%2Ftarget%2F%2Fdependency%2Fmetrics-healthchecks-3.2.4.jar%3A%2Fhome%2Fzhenyud%2FMultiEdit_Experiments%2Fdata%2Fdependency-experiments%2Fbears%2FFixed%2FBears-201%2Ftarget%2F%2Fdependency%2Fops4j-base-util-property-1.5.0.jar%3A%2Fhome%2Fzhenyud%2FMultiEdit_Experiments%2Fdata%2Fdependency-experiments%2Fbears%2FFixed%2FBears-201%2Ftarget%2F%2Fdependency%2Fpax-exam-junit4-4.11.0.jar%3A%2Fhome%2Fzhenyud%2FMultiEdit_Experiments%2Fdata%2Fdependency-experiments%2Fbears%2FFixed%2FBears-201%2Ftarget%2F%2Fdependency%2FLatencyUtils-2.0.3.jar%3A%2Fhome%2Fzhenyud%2FMultiEdit_Experiments%2Fdata%2Fdependency-experiments%2Fbears%2FFixed%2FBears-201%2Ftarget%2F%2Fdependency%2Fmetrics-core-3.2.4.jar%3A%2Fhome%2Fzhenyud%2FMultiEdit_Experiments%2Fdata%2Fdependency-experiments%2Fbears%2FFixed%2FBears-201%2Ftarget%2F%2Fdependency%2Fops4j-base-lang-1.5.0.jar%3A%2Fhome%2Fzhenyud%2FMultiEdit_Experiments%2Fdata%2Fdependency-experiments%2Fbears%2FFixed%2FBears-201%2Ftarget%2F%2Fdependency%2Fpax-swissbox-tracker-1.8.2.jar%3A%2Fhome%2Fzhenyud%2FMultiEdit_Experiments%2Fdata%2Fdependency-experiments%2Fbears%2FFixed%2FBears-201%2Ftarget%2F%2Fdependency%2Fpax-url-aether-2.5.2.jar%3A%2Fhome%2Fzhenyud%2FMultiEdit_Experiments%2Fdata%2Fdependency-experiments%2Fbears%2FFixed%2FBears-201%2Ftarget%2F%2Fdependency%2Fobjenesis-2.6.jar%3A%2Fhome%2Fzhenyud%2FMultiEdit_Experiments%2Fdata%2Fdependency-experiments%2Fbears%2FFixed%2FBears-201%2Ftarget%2F%2Fdependency%2Fh2-1.4.196.jar%3A%2Fhome%2Fzhenyud%2FMultiEdit_Experiments%2Fdata%2Fdependency-experiments%2Fbears%2FFixed%2FBears-201%2Ftarget%2F%2Fclasses+-keep-line-number+-f+J+-p+jap.ControlDependencyAnalysis+on+com.zaxxer.hikari.pool.PoolBase%3C%2Fpre%3E%0A%0AMax+Memory%3A%0A%3Cpre%3E27305MB%3C%2Fpre%3E%0A%0AStack+trace%3A%0A%3Cpre%3Ejava.lang.RuntimeException%3A+PDG+construction%3A+A+and+B+are+not+supposed+to+be+the+same+node%21%0A%09at+soot.toolkits.graph.pdg.HashMutablePDG.constructPDG%28HashMutablePDG.java%3A218%29%0A%09at+soot.toolkits.graph.pdg.HashMutablePDG.%26%2360%3Binit%26%2362%3B%28HashMutablePDG.java%3A114%29%0A%09at+io.github.squareslab.analysis.ControlDependencyAnalysis.internalTransform%28ControlDependencyAnalysis.java%3A35%29%0A%09at+soot.BodyTransformer.transform%28BodyTransformer.java%3A54%29%0A%09at+soot.Transform.apply%28Transform.java%3A105%29%0A%09at+soot.BodyPack.internalApply%28BodyPack.java%3A49%29%0A%09at+soot.Pack.apply%28Pack.java%3A125%29%0A%09at+soot.PackManager.runBodyPacks%28PackManager.java%3A991%29%0A%09at+soot.PackManager.access%24000%28PackManager.java%3A138%29%0A%09at+soot.PackManager%241.run%28PackManager.java%3A633%29%0A%09at+java.util.concurrent.ThreadPoolExecutor.runWorker%28ThreadPoolExecutor.java%3A1149%29%0A%09at+java.util.concurrent.ThreadPoolExecutor%24Worker.run%28ThreadPoolExecutor.java%3A624%29%0A%09at+java.lang.Thread.run%28Thread.java%3A748%29%0A%3C%2Fpre%3E
    Please be as precise as possible when giving us
    information on how to reproduce the problem. Thanks!
