Compiling the bug Bears-213...
The bug Bears-213 was compiled.
/home/zhenyud/MultiEdit_Experiments/DependencyAnalyzer/jar/DependencyAnalyzer.jar
Soot started on Fri Feb 21 16:38:50 EST 2020
soot.SootResolver$SootClassNotFoundException: couldn't find class: java.util.stream.Stream (is your soot-class-path set properly?)
	at soot.SootResolver.bringToHierarchy(SootResolver.java:232)
	at soot.SootResolver.processResolveWorklist(SootResolver.java:176)
	at soot.SootResolver.resolveClass(SootResolver.java:134)
	at soot.Scene.loadClass(Scene.java:873)
	at soot.Scene.loadClassAndSupport(Scene.java:858)
	at soot.Scene.loadNecessaryClass(Scene.java:1575)
	at soot.Scene.loadNecessaryClasses(Scene.java:1586)
	at soot.Main.run(Main.java:250)
	at soot.Main.main(Main.java:147)
	at io.github.squareslab.common.Utils.runSoot(Utils.java:40)
	at io.github.squareslab.Main.main(Main.java:228)


Ouuups... something went wrong! Sorry about that.
Follow these steps to fix the problem:
1.) Are you sure you used the right command line?
    Click here to double-check:
    https://ssebuild.cased.de/nightly/soot/doc/soot_options.htm

2.) Not sure whether it's a bug? Feel free to discuss
    the issue on the Soot mailing list:
    https://github.com/Sable/soot/wiki/Getting-help

3.) Sure it's a bug? Click this link to report it.
    https://github.com/Sable/soot/issues/new?title=soot.SootResolver%24SootClassNotFoundException+when+...&body=Steps+to+reproduce%3A%0A1.%29+...%0A%0AFiles+used+to+reproduce%3A+%0A...%0A%0ASoot+version%3A+%3Cpre%3Etrunk%3C%2Fpre%3E%0A%0ACommand+line%3A%0A%3Cpre%3E-cp+%2Fhome%2Fzhenyud%2FMultiEdit_Experiments%2FDependencyAnalyzer%2Fjar%2FDependencyAnalyzer.jar%3A%3A%2Fhome%2Fzhenyud%2FMultiEdit_Experiments%2Fdata%2Fdependency-experiments%2Fbears%2FFixed%2FBears-213%2Ftarget%2F%2Fdependency%2Fspring-core-5.0.4.RELEASE.jar%3A%2Fhome%2Fzhenyud%2FMultiEdit_Experiments%2Fdata%2Fdependency-experiments%2Fbears%2FFixed%2FBears-213%2Ftarget%2F%2Fdependency%2Fspring-expression-5.0.4.RELEASE.jar%3A%2Fhome%2Fzhenyud%2FMultiEdit_Experiments%2Fdata%2Fdependency-experiments%2Fbears%2FFixed%2FBears-213%2Ftarget%2F%2Fdependency%2Fslf4j-api-1.7.25.jar%3A%2Fhome%2Fzhenyud%2FMultiEdit_Experiments%2Fdata%2Fdependency-experiments%2Fbears%2FFixed%2FBears-213%2Ftarget%2F%2Fdependency%2Favaje-classpath-scanner-api-2.2.jar%3A%2Fhome%2Fzhenyud%2FMultiEdit_Experiments%2Fdata%2Fdependency-experiments%2Fbears%2FFixed%2FBears-213%2Ftarget%2F%2Fdependency%2Flogback-classic-1.2.3.jar%3A%2Fhome%2Fzhenyud%2FMultiEdit_Experiments%2Fdata%2Fdependency-experiments%2Fbears%2FFixed%2FBears-213%2Ftarget%2F%2Fdependency%2Favaje-datasource-3.2.2.jar%3A%2Fhome%2Fzhenyud%2FMultiEdit_Experiments%2Fdata%2Fdependency-experiments%2Fbears%2FFixed%2FBears-213%2Ftarget%2F%2Fdependency%2Fjunit-4.12.jar%3A%2Fhome%2Fzhenyud%2FMultiEdit_Experiments%2Fdata%2Fdependency-experiments%2Fbears%2FFixed%2FBears-213%2Ftarget%2F%2Fdependency%2Flombok-1.16.16.jar%3A%2Fhome%2Fzhenyud%2FMultiEdit_Experiments%2Fdata%2Fdependency-experiments%2Fbears%2FFixed%2FBears-213%2Ftarget%2F%2Fdependency%2Flogback-core-1.2.3.jar%3A%2Fhome%2Fzhenyud%2FMultiEdit_Experiments%2Fdata%2Fdependency-experiments%2Fbears%2FFixed%2FBears-213%2Ftarget%2F%2Fdependency%2Fspring-jdbc-5.0.4.RELEASE.jar%3A%2Fhome%2Fzhenyud%2FMultiEdit_Experiments%2Fdata%2Fdependency-experiments%2Fbears%2FFixed%2FBears-213%2Ftarget%2F%2Fdependency%2Febean-migration-11.5.4.jar%3A%2Fhome%2Fzhenyud%2FMultiEdit_Experiments%2Fdata%2Fdependency-experiments%2Fbears%2FFixed%2FBears-213%2Ftarget%2F%2Fdependency%2Favaje-classpath-scanner-3.1.1.jar%3A%2Fhome%2Fzhenyud%2FMultiEdit_Experiments%2Fdata%2Fdependency-experiments%2Fbears%2FFixed%2FBears-213%2Ftarget%2F%2Fdependency%2Febean-11.15.5.jar%3A%2Fhome%2Fzhenyud%2FMultiEdit_Experiments%2Fdata%2Fdependency-experiments%2Fbears%2FFixed%2FBears-213%2Ftarget%2F%2Fdependency%2Febean-annotation-3.11.jar%3A%2Fhome%2Fzhenyud%2FMultiEdit_Experiments%2Fdata%2Fdependency-experiments%2Fbears%2FFixed%2FBears-213%2Ftarget%2F%2Fdependency%2Faspectjweaver-1.8.13.jar%3A%2Fhome%2Fzhenyud%2FMultiEdit_Experiments%2Fdata%2Fdependency-experiments%2Fbears%2FFixed%2FBears-213%2Ftarget%2F%2Fdependency%2Fspring-aop-5.0.4.RELEASE.jar%3A%2Fhome%2Fzhenyud%2FMultiEdit_Experiments%2Fdata%2Fdependency-experiments%2Fbears%2FFixed%2FBears-213%2Ftarget%2F%2Fdependency%2Febean-spring-txn-11.10.4.jar%3A%2Fhome%2Fzhenyud%2FMultiEdit_Experiments%2Fdata%2Fdependency-experiments%2Fbears%2FFixed%2FBears-213%2Ftarget%2F%2Fdependency%2Fspring-context-5.0.4.RELEASE.jar%3A%2Fhome%2Fzhenyud%2FMultiEdit_Experiments%2Fdata%2Fdependency-experiments%2Fbears%2FFixed%2FBears-213%2Ftarget%2F%2Fdependency%2Fspring-data-commons-2.0.5.RELEASE.jar%3A%2Fhome%2Fzhenyud%2FMultiEdit_Experiments%2Fdata%2Fdependency-experiments%2Fbears%2FFixed%2FBears-213%2Ftarget%2F%2Fdependency%2Fspring-test-5.0.4.RELEASE.jar%3A%2Fhome%2Fzhenyud%2FMultiEdit_Experiments%2Fdata%2Fdependency-experiments%2Fbears%2FFixed%2FBears-213%2Ftarget%2F%2Fdependency%2Fspring-aspects-5.0.4.RELEASE.jar%3A%2Fhome%2Fzhenyud%2FMultiEdit_Experiments%2Fdata%2Fdependency-experiments%2Fbears%2FFixed%2FBears-213%2Ftarget%2F%2Fdependency%2Fantlr4-runtime-4.7.1.jar%3A%2Fhome%2Fzhenyud%2FMultiEdit_Experiments%2Fdata%2Fdependency-experiments%2Fbears%2FFixed%2FBears-213%2Ftarget%2F%2Fdependency%2Fhamcrest-core-1.3.jar%3A%2Fhome%2Fzhenyud%2FMultiEdit_Experiments%2Fdata%2Fdependency-experiments%2Fbears%2FFixed%2FBears-213%2Ftarget%2F%2Fdependency%2Fpersistence-api-2.2.1.jar%3A%2Fhome%2Fzhenyud%2FMultiEdit_Experiments%2Fdata%2Fdependency-experiments%2Fbears%2FFixed%2FBears-213%2Ftarget%2F%2Fdependency%2Fspring-beans-5.0.4.RELEASE.jar%3A%2Fhome%2Fzhenyud%2FMultiEdit_Experiments%2Fdata%2Fdependency-experiments%2Fbears%2FFixed%2FBears-213%2Ftarget%2F%2Fdependency%2Fspring-jcl-5.0.4.RELEASE.jar%3A%2Fhome%2Fzhenyud%2FMultiEdit_Experiments%2Fdata%2Fdependency-experiments%2Fbears%2FFixed%2FBears-213%2Ftarget%2F%2Fdependency%2Fjackson-core-2.9.0.jar%3A%2Fhome%2Fzhenyud%2FMultiEdit_Experiments%2Fdata%2Fdependency-experiments%2Fbears%2FFixed%2FBears-213%2Ftarget%2F%2Fdependency%2Fsnakeyaml-1.19.jar%3A%2Fhome%2Fzhenyud%2FMultiEdit_Experiments%2Fdata%2Fdependency-experiments%2Fbears%2FFixed%2FBears-213%2Ftarget%2F%2Fdependency%2Favaje-datasource-api-3.2.jar%3A%2Fhome%2Fzhenyud%2FMultiEdit_Experiments%2Fdata%2Fdependency-experiments%2Fbears%2FFixed%2FBears-213%2Ftarget%2F%2Fdependency%2Fh2-1.4.196.jar%3A%2Fhome%2Fzhenyud%2FMultiEdit_Experiments%2Fdata%2Fdependency-experiments%2Fbears%2FFixed%2FBears-213%2Ftarget%2F%2Fdependency%2Fspring-tx-5.0.4.RELEASE.jar%3A%2Fhome%2Fzhenyud%2FMultiEdit_Experiments%2Fdata%2Fdependency-experiments%2Fbears%2FFixed%2FBears-213%2Ftarget%2F%2Fclasses+-keep-line-number+-f+J+-p+jap.ControlDependencyAnalysis+on+org.springframework.data.ebean.repository.query.EbeanQueryWrapper%3C%2Fpre%3E%0A%0AMax+Memory%3A%0A%3Cpre%3E27305MB%3C%2Fpre%3E%0A%0AStack+trace%3A%0A%3Cpre%3Esoot.SootResolver%24SootClassNotFoundException%3A+couldn%26%2339%3Bt+find+class%3A+java.util.stream.Stream+%28is+your+soot-class-path+set+properly%3F%29%0A%09at+soot.SootResolver.bringToHierarchy%28SootResolver.java%3A232%29%0A%09at+soot.SootResolver.processResolveWorklist%28SootResolver.java%3A176%29%0A%09at+soot.SootResolver.resolveClass%28SootResolver.java%3A134%29%0A%09at+soot.Scene.loadClass%28Scene.java%3A873%29%0A%09at+soot.Scene.loadClassAndSupport%28Scene.java%3A858%29%0A%09at+soot.Scene.loadNecessaryClass%28Scene.java%3A1575%29%0A%09at+soot.Scene.loadNecessaryClasses%28Scene.java%3A1586%29%0A%09at+soot.Main.run%28Main.java%3A250%29%0A%09at+soot.Main.main%28Main.java%3A147%29%0A%09at+io.github.squareslab.common.Utils.runSoot%28Utils.java%3A40%29%0A%09at+io.github.squareslab.Main.main%28Main.java%3A228%29%0A%3C%2Fpre%3E
    Please be as precise as possible when giving us
    information on how to reproduce the problem. Thanks!
